<?xml version="1.0" encoding="UTF-8"?>
<!-- Generated by org.testng.reporters.JUnitXMLReporter -->
<testsuite hostname="LAPTOP-L3V1GTL6" ignored="0" name="Test" tests="4" failures="1" timestamp="2021-03-20T00:34:04 IST" time="10.232" errors="0">
  <testcase name="test" time="10.22" classname="testng.Assert1">
    <failure type="java.lang.AssertionError" message="expected [fsmzhxjs] but found [Online Jewellery Shopping Store India | Buy Gold and Diamond jewellery with Latest Designs 2021 | BlueStone.com]">
      <![CDATA[java.lang.AssertionError: expected [fsmzhxjs] but found [Online Jewellery Shopping Store India | Buy Gold and Diamond jewellery with Latest Designs 2021 | BlueStone.com]
at testng.Assert1.test(Assert1.java:25)
at java.util.ArrayList.forEach(ArrayList.java:1259)
... Removed 34 stack frames]]>
    </failure>
  </testcase> <!-- test -->
  <testcase name="test1" time="0.001" classname="testng.Groups1"/>
  <testcase name="test2" time="0.001" classname="testng.Groups1"/>
  <testcase name="test3" time="0.001" classname="testng.Groups1"/>
</testsuite> <!-- Test -->
