<?xml version="1.0" encoding="UTF-8"?>
<!-- Generated by org.testng.reporters.JUnitXMLReporter -->
<testsuite hostname="LAPTOP-L3V1GTL6" ignored="1" name="GRP-bvt,Regression" tests="2" failures="0" timestamp="2021-03-19T21:04:59 IST" time="0.101" errors="0">
  <testcase name="test2" time="0.014" classname="testng.Groups1"/>
  <testcase name="test3" time="0.002" classname="testng.Groups1"/>
  <testcase name="test1" time="0.0" classname="testng.Groups1">
    <ignored/>
  </testcase> <!-- test1 -->
</testsuite> <!-- GRP-bvt,Regression -->
