<?xml version="1.0" encoding="UTF-8"?>
<testng-results skipped="0" failed="0" ignored="0" total="1" passed="1">
  <reporter-output>
  </reporter-output>
  <suite name="Default suite" duration-ms="21819" started-at="2021-04-07T12:48:26 IST" finished-at="2021-04-07T12:48:47 IST">
    <groups>
    </groups>
    <test name="Default test" duration-ms="21819" started-at="2021-04-07T12:48:26 IST" finished-at="2021-04-07T12:48:47 IST">
      <class name="testng.Assert2">
        <test-method status="PASS" signature="test()[pri:0, instance:testng.Assert2@22a67b4]" name="test" duration-ms="21757" started-at="2021-04-07T12:48:26 IST" finished-at="2021-04-07T12:48:47 IST">
          <reporter-output>
          </reporter-output>
        </test-method> <!-- test -->
      </class> <!-- testng.Assert2 -->
    </test> <!-- Default test -->
  </suite> <!-- Default suite -->
</testng-results>
